{"name":"setUpClass","status":"broken","statusDetails":{"known":false,"muted":false,"flaky":false,"message":"Invalid tag expression at 'runners.SmokeTestNgRunner'","trace":"java.lang.IllegalArgumentException: Invalid tag expression at 'runners.SmokeTestNgRunner'\r\n\tat io.cucumber.core.options.CucumberOptionsAnnotationParser.addTags(CucumberOptionsAnnotationParser.java:78)\r\n\tat io.cucumber.core.options.CucumberOptionsAnnotationParser.parse(CucumberOptionsAnnotationParser.java:40)\r\n\tat io.cucumber.testng.TestNGCucumberRunner.<init>(TestNGCucumberRunner.java:85)\r\n\tat io.cucumber.testng.AbstractTestNGCucumberTests.setUpClass(AbstractTestNGCucumberTests.java:27)\r\n\tat java.base/jdk.internal.reflect.NativeMethodAccessorImpl.invoke0(Native Method)\r\n\tat java.base/jdk.internal.reflect.NativeMethodAccessorImpl.invoke(NativeMethodAccessorImpl.java:77)\r\n\tat java.base/jdk.internal.reflect.DelegatingMethodAccessorImpl.invoke(DelegatingMethodAccessorImpl.java:43)\r\n\tat java.base/java.lang.reflect.Method.invoke(Method.java:568)\r\n\tat org.testng.internal.invokers.MethodInvocationHelper.invokeMethod(MethodInvocationHelper.java:135)\r\n\tat org.testng.internal.invokers.MethodInvocationHelper.invokeMethodConsideringTimeout(MethodInvocationHelper.java:65)\r\n\tat org.testng.internal.invokers.ConfigInvoker.invokeConfigurationMethod(ConfigInvoker.java:381)\r\n\tat org.testng.internal.invokers.ConfigInvoker.invokeConfigurations(ConfigInvoker.java:319)\r\n\tat org.testng.internal.invokers.TestMethodWorker.invokeBeforeClassMethods(TestMethodWorker.java:178)\r\n\tat org.testng.internal.invokers.TestMethodWorker.run(TestMethodWorker.java:122)\r\n\tat java.base/java.util.ArrayList.forEach(ArrayList.java:1511)\r\n\tat org.testng.TestRunner.privateRun(TestRunner.java:808)\r\n\tat org.testng.TestRunner.run(TestRunner.java:603)\r\n\tat org.testng.SuiteRunner.runTest(SuiteRunner.java:429)\r\n\tat org.testng.SuiteRunner.access$000(SuiteRunner.java:32)\r\n\tat org.testng.SuiteRunner$SuiteWorker.run(SuiteRunner.java:467)\r\n\tat org.testng.internal.thread.ThreadUtil.lambda$execute$0(ThreadUtil.java:58)\r\n\tat java.base/java.util.concurrent.FutureTask.run(FutureTask.java:264)\r\n\tat java.base/java.util.concurrent.ThreadPoolExecutor.runWorker(ThreadPoolExecutor.java:1136)\r\n\tat java.base/java.util.concurrent.ThreadPoolExecutor$Worker.run(ThreadPoolExecutor.java:635)\r\n\tat java.base/java.lang.Thread.run(Thread.java:840)\r\nCaused by: io.cucumber.tagexpressions.TagExpressionException: Tag expression '@PersonalAuto, @Smoke' could not be parsed because of syntax error: expected operator\r\n\tat io.cucumber.tagexpressions.TagExpressionParser.check(TagExpressionParser.java:136)\r\n\tat io.cucumber.tagexpressions.TagExpressionParser.parse(TagExpressionParser.java:74)\r\n\tat io.cucumber.tagexpressions.TagExpressionParser.parse(TagExpressionParser.java:27)\r\n\tat io.cucumber.core.options.CucumberOptionsAnnotationParser.addTags(CucumberOptionsAnnotationParser.java:76)\r\n\t... 24 more\r\n"},"stage":"finished","steps":[],"attachments":[],"parameters":[{"name":"WAIT","value":"30"},{"name":"BROWSER","value":"CHROME"}],"start":1699469878092,"stop":1699469878093,"uuid":"b6ff64bc-596e-4abb-8431-3a9f9fb9cbe8","historyId":"707f5ced9aa631ae65a7c65e309e81db","fullName":"io.cucumber.testng.AbstractTestNGCucumberTests.setUpClass","labels":[{"name":"package","value":"runners.SmokeTestNgRunner"},{"name":"testClass","value":"runners.SmokeTestNgRunner"},{"name":"testMethod","value":"setUpClass"},{"name":"parentSuite","value":"Test"},{"name":"suite","value":"Sandbox"},{"name":"subSuite","value":"runners.SmokeTestNgRunner"},{"name":"host","value":"ADRAGUTIN-TB15"},{"name":"thread","value":"7524@ADRAGUTIN-TB15.TestNG-tests-1(17)"},{"name":"framework","value":"testng"},{"name":"language","value":"java"},{"name":"AS_ID","value":"-1"}],"links":[]}